Connecting to database specified by database.yml
Connecting to database specified by database.yml
Connecting to database specified by database.yml
Connecting to database specified by database.yml
  [1m[36m (0.1ms)[0m  [1mselect sqlite_version(*)[0m
  [1m[35m (1.5ms)[0m  CREATE TABLE "schema_migrations" ("version" varchar(255) NOT NULL) 
  [1m[36m (0.1ms)[0m  [1mPRAGMA index_list("schema_migrations")[0m
  [1m[35m (1.3ms)[0m  CREATE UNIQUE INDEX "unique_schema_migrations" ON "schema_migrations" ("version")
  [1m[36m (0.1ms)[0m  [1mSELECT "schema_migrations"."version" FROM "schema_migrations" [0m
Migrating to DeviseCreateUsers (20120830035701)
  [1m[35m (0.1ms)[0m  begin transaction
  [1m[36m (0.7ms)[0m  [1mCREATE TABLE "users" ("id" INTEGER PRIMARY KEY AUTOINCREMENT NOT NULL, "email" varchar(255) DEFAULT '' NOT NULL, "encrypted_password" varchar(255) DEFAULT '' NOT NULL, "reset_password_token" varchar(255), "reset_password_sent_at" datetime, "remember_created_at" datetime, "sign_in_count" integer DEFAULT 0, "current_sign_in_at" datetime, "last_sign_in_at" datetime, "current_sign_in_ip" varchar(255), "last_sign_in_ip" varchar(255), "created_at" datetime NOT NULL, "updated_at" datetime NOT NULL) [0m
  [1m[35m (0.1ms)[0m  PRAGMA index_list("users")
  [1m[36m (0.5ms)[0m  [1mCREATE UNIQUE INDEX "index_users_on_email" ON "users" ("email")[0m
  [1m[35m (0.1ms)[0m  PRAGMA index_list("users")
  [1m[36m (0.0ms)[0m  [1mPRAGMA index_info('index_users_on_email')[0m
  [1m[35m (0.2ms)[0m  CREATE UNIQUE INDEX "index_users_on_reset_password_token" ON "users" ("reset_password_token")
  [1m[36m (0.1ms)[0m  [1mINSERT INTO "schema_migrations" ("version") VALUES ('20120830035701')[0m
  [1m[35m (1.5ms)[0m  commit transaction
Migrating to AddNameToUsers (20120830035703)
  [1m[36m (0.1ms)[0m  [1mbegin transaction[0m
  [1m[35m (0.5ms)[0m  ALTER TABLE "users" ADD "name" varchar(255)
  [1m[36m (0.1ms)[0m  [1mINSERT INTO "schema_migrations" ("version") VALUES ('20120830035703')[0m
  [1m[35m (1.1ms)[0m  commit transaction
  [1m[36m (0.4ms)[0m  [1mselect sqlite_version(*)[0m
  [1m[35m (0.1ms)[0m  SELECT "schema_migrations"."version" FROM "schema_migrations" 
  [1m[36m (0.1ms)[0m  [1mPRAGMA index_list("users")[0m
  [1m[35m (0.0ms)[0m  PRAGMA index_info('index_users_on_reset_password_token')
  [1m[36m (0.0ms)[0m  [1mPRAGMA index_info('index_users_on_email')[0m
Connecting to database specified by database.yml
  [1m[36m (0.1ms)[0m  [1mSELECT "schema_migrations"."version" FROM "schema_migrations" [0m
  [1m[35m (0.2ms)[0m  select sqlite_version(*)
  [1m[36m (7.9ms)[0m  [1mCREATE TABLE "users" ("id" INTEGER PRIMARY KEY AUTOINCREMENT NOT NULL, "email" varchar(255) DEFAULT '' NOT NULL, "encrypted_password" varchar(255) DEFAULT '' NOT NULL, "reset_password_token" varchar(255), "reset_password_sent_at" datetime, "remember_created_at" datetime, "sign_in_count" integer DEFAULT 0, "current_sign_in_at" datetime, "last_sign_in_at" datetime, "current_sign_in_ip" varchar(255), "last_sign_in_ip" varchar(255), "created_at" datetime NOT NULL, "updated_at" datetime NOT NULL, "name" varchar(255)) [0m
  [1m[35m (0.1ms)[0m  PRAGMA index_list("users")
  [1m[36m (1.8ms)[0m  [1mCREATE UNIQUE INDEX "index_users_on_email" ON "users" ("email")[0m
  [1m[35m (0.1ms)[0m  PRAGMA index_list("users")
  [1m[36m (0.1ms)[0m  [1mPRAGMA index_info('index_users_on_email')[0m
  [1m[35m (7.1ms)[0m  CREATE UNIQUE INDEX "index_users_on_reset_password_token" ON "users" ("reset_password_token")
  [1m[36m (2.4ms)[0m  [1mCREATE TABLE "schema_migrations" ("version" varchar(255) NOT NULL) [0m
  [1m[35m (0.1ms)[0m  PRAGMA index_list("schema_migrations")
  [1m[36m (4.0ms)[0m  [1mCREATE UNIQUE INDEX "unique_schema_migrations" ON "schema_migrations" ("version")[0m
  [1m[35m (0.1ms)[0m  SELECT version FROM "schema_migrations"
  [1m[36m (2.0ms)[0m  [1mINSERT INTO "schema_migrations" (version) VALUES ('20120830035703')[0m
  [1m[35m (5.7ms)[0m  INSERT INTO "schema_migrations" (version) VALUES ('20120830035701')
Connecting to database specified by database.yml
  [1m[36m (0.1ms)[0m  [1mSELECT "schema_migrations"."version" FROM "schema_migrations" [0m
  [1m[35m (0.1ms)[0m  begin transaction
  [1m[36mUser Exists (0.2ms)[0m  [1mSELECT 1 AS one FROM "users" WHERE "users"."email" = 'user@example.com' LIMIT 1[0m
Binary data inserted for `string` type on column `encrypted_password`
  [1m[35mSQL (1.9ms)[0m  INSERT INTO "users" ("created_at", "current_sign_in_at", "current_sign_in_ip", "email", "encrypted_password", "last_sign_in_at", "last_sign_in_ip", "name", "remember_created_at", "reset_password_sent_at", "reset_password_token", "sign_in_count", "updated_at") VALUES (?, ?, ?, ?, ?, ?, ?, ?, ?, ?, ?, ?, ?)  [["created_at", Thu, 30 Aug 2012 03:57:41 UTC +00:00], ["current_sign_in_at", nil], ["current_sign_in_ip", nil], ["email", "user@example.com"], ["encrypted_password", "$2a$10$I6hQQspzaXVHOzI6z5jA9.f3fCu6.h4n4vlEqYWTOiBnwvIb2tOIG"], ["last_sign_in_at", nil], ["last_sign_in_ip", nil], ["name", "First User"], ["remember_created_at", nil], ["reset_password_sent_at", nil], ["reset_password_token", nil], ["sign_in_count", 0], ["updated_at", Thu, 30 Aug 2012 03:57:41 UTC +00:00]]
  [1m[36m (2.1ms)[0m  [1mcommit transaction[0m
  [1m[35m (0.1ms)[0m  begin transaction
  [1m[36mUser Exists (0.2ms)[0m  [1mSELECT 1 AS one FROM "users" WHERE "users"."email" = 'user2@example.com' LIMIT 1[0m
Binary data inserted for `string` type on column `encrypted_password`
  [1m[35mSQL (0.6ms)[0m  INSERT INTO "users" ("created_at", "current_sign_in_at", "current_sign_in_ip", "email", "encrypted_password", "last_sign_in_at", "last_sign_in_ip", "name", "remember_created_at", "reset_password_sent_at", "reset_password_token", "sign_in_count", "updated_at") VALUES (?, ?, ?, ?, ?, ?, ?, ?, ?, ?, ?, ?, ?)  [["created_at", Thu, 30 Aug 2012 03:57:41 UTC +00:00], ["current_sign_in_at", nil], ["current_sign_in_ip", nil], ["email", "user2@example.com"], ["encrypted_password", "$2a$10$nWNm54GuW3ofFVDJGSD20uvbvw17p2HAC2ULn4/KrU.VAh8cEUXTO"], ["last_sign_in_at", nil], ["last_sign_in_ip", nil], ["name", "Second User"], ["remember_created_at", nil], ["reset_password_sent_at", nil], ["reset_password_token", nil], ["sign_in_count", 0], ["updated_at", Thu, 30 Aug 2012 03:57:41 UTC +00:00]]
  [1m[36m (1.4ms)[0m  [1mcommit transaction[0m
Connecting to database specified by database.yml
  [1m[36m (0.1ms)[0m  [1mSELECT "schema_migrations"."version" FROM "schema_migrations" [0m
Migrating to DeviseCreateUsers (20120830035701)
Migrating to AddNameToUsers (20120830035703)
  [1m[35m (0.4ms)[0m  select sqlite_version(*)
  [1m[36m (0.1ms)[0m  [1mSELECT "schema_migrations"."version" FROM "schema_migrations" [0m
  [1m[35m (0.1ms)[0m  PRAGMA index_list("users")
  [1m[36m (0.1ms)[0m  [1mPRAGMA index_info('index_users_on_reset_password_token')[0m
  [1m[35m (0.0ms)[0m  PRAGMA index_info('index_users_on_email')
Connecting to database specified by database.yml


Started GET "/assets/rails.png" for 127.0.0.1 at 2012-08-30 11:58:37 +0800
Served asset /rails.png - 404 Not Found (5ms)

ActionController::RoutingError (No route matches [GET] "/assets/rails.png"):
  actionpack (3.2.8) lib/action_dispatch/middleware/debug_exceptions.rb:21:in `call'
  actionpack (3.2.8) lib/action_dispatch/middleware/show_exceptions.rb:56:in `call'
  railties (3.2.8) lib/rails/rack/logger.rb:26:in `call_app'
  railties (3.2.8) lib/rails/rack/logger.rb:16:in `call'
  actionpack (3.2.8) lib/action_dispatch/middleware/request_id.rb:22:in `call'
  rack (1.4.1) lib/rack/methodoverride.rb:21:in `call'
  rack (1.4.1) lib/rack/runtime.rb:17:in `call'
  activesupport (3.2.8) lib/active_support/cache/strategy/local_cache.rb:72:in `call'
  rack (1.4.1) lib/rack/lock.rb:15:in `call'
  actionpack (3.2.8) lib/action_dispatch/middleware/static.rb:62:in `call'
  railties (3.2.8) lib/rails/engine.rb:479:in `call'
  railties (3.2.8) lib/rails/application.rb:223:in `call'
  rack (1.4.1) lib/rack/content_length.rb:14:in `call'
  railties (3.2.8) lib/rails/rack/log_tailer.rb:17:in `call'
  rack (1.4.1) lib/rack/handler/webrick.rb:59:in `service'
  /Users/douglasl/.rvm/rubies/ruby-1.9.3-p194/lib/ruby/1.9.1/webrick/httpserver.rb:138:in `service'
  /Users/douglasl/.rvm/rubies/ruby-1.9.3-p194/lib/ruby/1.9.1/webrick/httpserver.rb:94:in `run'
  /Users/douglasl/.rvm/rubies/ruby-1.9.3-p194/lib/ruby/1.9.1/webrick/server.rb:191:in `block in start_thread'


  Rendered /Users/douglasl/.rvm/gems/ruby-1.9.3-p194@FollowThru/gems/actionpack-3.2.8/lib/action_dispatch/middleware/templates/rescues/routing_error.erb within rescues/layout (23.0ms)


Started GET "/users" for 127.0.0.1 at 2012-08-30 11:58:44 +0800
Processing by UsersController#index as HTML
Completed 401 Unauthorized in 9ms


Started GET "/users/sign_in" for 127.0.0.1 at 2012-08-30 11:58:44 +0800
Processing by Devise::SessionsController#new as HTML
  Rendered devise/shared/_links.html.erb (2.8ms)
  Rendered /Users/douglasl/.rvm/gems/ruby-1.9.3-p194@FollowThru/gems/devise-2.1.2/app/views/devise/sessions/new.html.erb within layouts/application (13.7ms)
Compiled bootstrap_and_overrides.css  (2598ms)  (pid 30819)
Compiled home.css  (2ms)  (pid 30819)
Compiled application.css  (2698ms)  (pid 30819)
Compiled jquery.js  (6ms)  (pid 30819)
Compiled jquery_ujs.js  (0ms)  (pid 30819)
Compiled bootstrap-transition.js  (0ms)  (pid 30819)
Compiled bootstrap-alert.js  (0ms)  (pid 30819)
Compiled bootstrap-button.js  (0ms)  (pid 30819)
Compiled bootstrap-carousel.js  (0ms)  (pid 30819)
Compiled bootstrap-collapse.js  (0ms)  (pid 30819)
Compiled bootstrap-dropdown.js  (0ms)  (pid 30819)
Compiled bootstrap-modal.js  (0ms)  (pid 30819)
Compiled bootstrap-scrollspy.js  (0ms)  (pid 30819)
Compiled bootstrap-tab.js  (0ms)  (pid 30819)
Compiled bootstrap-tooltip.js  (0ms)  (pid 30819)
Compiled bootstrap-popover.js  (0ms)  (pid 30819)
Compiled bootstrap-typeahead.js  (0ms)  (pid 30819)
Compiled bootstrap.js  (262ms)  (pid 30819)
Compiled home.js  (252ms)  (pid 30819)
Compiled application.js  (613ms)  (pid 30819)
  Rendered layouts/_navigation.html.erb (4.0ms)
  Rendered layouts/_messages.html.erb (0.8ms)
Completed 200 OK in 3596ms (Views: 3525.7ms | ActiveRecord: 2.3ms)


Started GET "/assets/application.css?body=1" for 127.0.0.1 at 2012-08-30 11:58:48 +0800
Served asset /application.css - 200 OK (71ms)


Started GET "/assets/bootstrap-collapse.js?body=1" for 127.0.0.1 at 2012-08-30 11:58:48 +0800
Served asset /bootstrap-collapse.js - 304 Not Modified (3ms)


Started GET "/assets/bootstrap-button.js?body=1" for 127.0.0.1 at 2012-08-30 11:58:48 +0800
Served asset /bootstrap-button.js - 304 Not Modified (3ms)


Started GET "/assets/jquery.js?body=1" for 127.0.0.1 at 2012-08-30 11:58:48 +0800
Served asset /jquery.js - 304 Not Modified (7ms)


Started GET "/assets/jquery_ujs.js?body=1" for 127.0.0.1 at 2012-08-30 11:58:48 +0800
Served asset /jquery_ujs.js - 304 Not Modified (3ms)


Started GET "/assets/bootstrap-carousel.js?body=1" for 127.0.0.1 at 2012-08-30 11:58:48 +0800
Served asset /bootstrap-carousel.js - 304 Not Modified (3ms)


Started GET "/assets/bootstrap-dropdown.js?body=1" for 127.0.0.1 at 2012-08-30 11:58:48 +0800
Served asset /bootstrap-dropdown.js - 304 Not Modified (5ms)


Started GET "/assets/home.css?body=1" for 127.0.0.1 at 2012-08-30 11:58:48 +0800
Served asset /home.css - 304 Not Modified (2ms)


Started GET "/assets/bootstrap-tab.js?body=1" for 127.0.0.1 at 2012-08-30 11:58:48 +0800
Served asset /bootstrap-tab.js - 304 Not Modified (3ms)


Started GET "/assets/application.js?body=1" for 127.0.0.1 at 2012-08-30 11:58:48 +0800
Served asset /application.js - 200 OK (28ms)


Started GET "/assets/bootstrap-transition.js?body=1" for 127.0.0.1 at 2012-08-30 11:58:48 +0800
Served asset /bootstrap-transition.js - 304 Not Modified (2ms)


Started GET "/assets/bootstrap_and_overrides.css?body=1" for 127.0.0.1 at 2012-08-30 11:58:48 +0800
Served asset /bootstrap_and_overrides.css - 200 OK (13ms)


Started GET "/assets/bootstrap-alert.js?body=1" for 127.0.0.1 at 2012-08-30 11:58:48 +0800
Served asset /bootstrap-alert.js - 304 Not Modified (3ms)


Started GET "/assets/bootstrap-modal.js?body=1" for 127.0.0.1 at 2012-08-30 11:58:49 +0800
Served asset /bootstrap-modal.js - 304 Not Modified (14ms)


Started GET "/assets/home.js?body=1" for 127.0.0.1 at 2012-08-30 11:58:49 +0800
Served asset /home.js - 304 Not Modified (1ms)


Started GET "/assets/bootstrap-popover.js?body=1" for 127.0.0.1 at 2012-08-30 11:58:49 +0800
Served asset /bootstrap-popover.js - 304 Not Modified (3ms)


Started GET "/assets/bootstrap-tooltip.js?body=1" for 127.0.0.1 at 2012-08-30 11:58:49 +0800
Served asset /bootstrap-tooltip.js - 304 Not Modified (4ms)


Started GET "/assets/bootstrap-typeahead.js?body=1" for 127.0.0.1 at 2012-08-30 11:58:49 +0800
Served asset /bootstrap-typeahead.js - 304 Not Modified (2ms)


Started GET "/assets/bootstrap-scrollspy.js?body=1" for 127.0.0.1 at 2012-08-30 11:58:49 +0800
Served asset /bootstrap-scrollspy.js - 304 Not Modified (3ms)


Started GET "/assets/bootstrap.js?body=1" for 127.0.0.1 at 2012-08-30 11:58:49 +0800
Served asset /bootstrap.js - 304 Not Modified (34ms)
Connecting to database specified by database.yml


Started GET "/" for 127.0.0.1 at 2012-08-30 12:03:52 +0800
Processing by HomeController#index as HTML
  [1m[36mUser Load (0.2ms)[0m  [1mSELECT "users".* FROM "users" [0m
  Rendered home/index.html.erb within layouts/application (4.6ms)
  Rendered layouts/_navigation.html.erb (2.4ms)
  Rendered layouts/_messages.html.erb (0.6ms)
Completed 200 OK in 160ms (Views: 115.7ms | ActiveRecord: 2.3ms)


Started GET "/assets/application.css?body=1" for 127.0.0.1 at 2012-08-30 12:03:53 +0800
Served asset /application.css - 304 Not Modified (56ms)


Started GET "/assets/bootstrap_and_overrides.css?body=1" for 127.0.0.1 at 2012-08-30 12:03:53 +0800
Served asset /bootstrap_and_overrides.css - 304 Not Modified (11ms)


Started GET "/assets/jquery.js?body=1" for 127.0.0.1 at 2012-08-30 12:03:53 +0800
Served asset /jquery.js - 304 Not Modified (6ms)


Started GET "/assets/bootstrap-transition.js?body=1" for 127.0.0.1 at 2012-08-30 12:03:53 +0800
Served asset /bootstrap-transition.js - 304 Not Modified (2ms)


Started GET "/assets/jquery_ujs.js?body=1" for 127.0.0.1 at 2012-08-30 12:03:53 +0800
Served asset /jquery_ujs.js - 304 Not Modified (3ms)


Started GET "/assets/home.css?body=1" for 127.0.0.1 at 2012-08-30 12:03:53 +0800
Served asset /home.css - 304 Not Modified (2ms)


Started GET "/assets/bootstrap-alert.js?body=1" for 127.0.0.1 at 2012-08-30 12:03:53 +0800
Served asset /bootstrap-alert.js - 304 Not Modified (3ms)


Started GET "/assets/bootstrap-button.js?body=1" for 127.0.0.1 at 2012-08-30 12:03:53 +0800
Served asset /bootstrap-button.js - 304 Not Modified (2ms)


Started GET "/assets/bootstrap-carousel.js?body=1" for 127.0.0.1 at 2012-08-30 12:03:53 +0800
Served asset /bootstrap-carousel.js - 304 Not Modified (10ms)


Started GET "/assets/bootstrap-dropdown.js?body=1" for 127.0.0.1 at 2012-08-30 12:03:53 +0800
Served asset /bootstrap-dropdown.js - 304 Not Modified (3ms)


Started GET "/assets/bootstrap-collapse.js?body=1" for 127.0.0.1 at 2012-08-30 12:03:53 +0800
Served asset /bootstrap-collapse.js - 304 Not Modified (2ms)


Started GET "/assets/bootstrap-modal.js?body=1" for 127.0.0.1 at 2012-08-30 12:03:53 +0800
Served asset /bootstrap-modal.js - 304 Not Modified (2ms)


Started GET "/assets/bootstrap-scrollspy.js?body=1" for 127.0.0.1 at 2012-08-30 12:03:53 +0800
Served asset /bootstrap-scrollspy.js - 304 Not Modified (3ms)


Started GET "/assets/bootstrap-tab.js?body=1" for 127.0.0.1 at 2012-08-30 12:03:53 +0800
Served asset /bootstrap-tab.js - 304 Not Modified (3ms)


Started GET "/assets/bootstrap-tooltip.js?body=1" for 127.0.0.1 at 2012-08-30 12:03:53 +0800
Served asset /bootstrap-tooltip.js - 304 Not Modified (7ms)


Started GET "/assets/bootstrap-popover.js?body=1" for 127.0.0.1 at 2012-08-30 12:03:53 +0800
Served asset /bootstrap-popover.js - 304 Not Modified (3ms)


Started GET "/assets/bootstrap-typeahead.js?body=1" for 127.0.0.1 at 2012-08-30 12:03:53 +0800
Served asset /bootstrap-typeahead.js - 304 Not Modified (3ms)


Started GET "/assets/bootstrap.js?body=1" for 127.0.0.1 at 2012-08-30 12:03:53 +0800
Served asset /bootstrap.js - 304 Not Modified (16ms)


Started GET "/assets/home.js?body=1" for 127.0.0.1 at 2012-08-30 12:03:53 +0800
Served asset /home.js - 304 Not Modified (2ms)


Started GET "/assets/application.js?body=1" for 127.0.0.1 at 2012-08-30 12:03:53 +0800
Served asset /application.js - 304 Not Modified (56ms)


Started GET "/new" for 127.0.0.1 at 2012-08-30 12:09:49 +0800

ActionController::RoutingError (No route matches [GET] "/new"):
  actionpack (3.2.8) lib/action_dispatch/middleware/debug_exceptions.rb:21:in `call'
  actionpack (3.2.8) lib/action_dispatch/middleware/show_exceptions.rb:56:in `call'
  railties (3.2.8) lib/rails/rack/logger.rb:26:in `call_app'
  railties (3.2.8) lib/rails/rack/logger.rb:16:in `call'
  actionpack (3.2.8) lib/action_dispatch/middleware/request_id.rb:22:in `call'
  rack (1.4.1) lib/rack/methodoverride.rb:21:in `call'
  rack (1.4.1) lib/rack/runtime.rb:17:in `call'
  activesupport (3.2.8) lib/active_support/cache/strategy/local_cache.rb:72:in `call'
  rack (1.4.1) lib/rack/lock.rb:15:in `call'
  actionpack (3.2.8) lib/action_dispatch/middleware/static.rb:62:in `call'
  railties (3.2.8) lib/rails/engine.rb:479:in `call'
  railties (3.2.8) lib/rails/application.rb:223:in `call'
  rack (1.4.1) lib/rack/content_length.rb:14:in `call'
  railties (3.2.8) lib/rails/rack/log_tailer.rb:17:in `call'
  rack (1.4.1) lib/rack/handler/webrick.rb:59:in `service'
  /Users/douglasl/.rvm/rubies/ruby-1.9.3-p194/lib/ruby/1.9.1/webrick/httpserver.rb:138:in `service'
  /Users/douglasl/.rvm/rubies/ruby-1.9.3-p194/lib/ruby/1.9.1/webrick/httpserver.rb:94:in `run'
  /Users/douglasl/.rvm/rubies/ruby-1.9.3-p194/lib/ruby/1.9.1/webrick/server.rb:191:in `block in start_thread'


  Rendered /Users/douglasl/.rvm/gems/ruby-1.9.3-p194@FollowThru/gems/actionpack-3.2.8/lib/action_dispatch/middleware/templates/rescues/routing_error.erb within rescues/layout (0.8ms)


Started GET "/users/sign_up" for 127.0.0.1 at 2012-08-30 12:09:54 +0800
Processing by Devise::RegistrationsController#new as HTML
  Rendered devise/shared/_links.html.erb (2.2ms)
  Rendered devise/registrations/new.html.erb within layouts/application (17.5ms)
  Rendered layouts/_navigation.html.erb (1.5ms)
  Rendered layouts/_messages.html.erb (0.1ms)
Completed 200 OK in 95ms (Views: 72.1ms | ActiveRecord: 0.7ms)


Started GET "/assets/application.css?body=1" for 127.0.0.1 at 2012-08-30 12:09:54 +0800
Served asset /application.css - 304 Not Modified (8ms)


Started GET "/assets/bootstrap_and_overrides.css?body=1" for 127.0.0.1 at 2012-08-30 12:09:54 +0800
Served asset /bootstrap_and_overrides.css - 304 Not Modified (3ms)


Started GET "/assets/home.css?body=1" for 127.0.0.1 at 2012-08-30 12:09:54 +0800
Served asset /home.css - 304 Not Modified (0ms)


Started GET "/assets/jquery.js?body=1" for 127.0.0.1 at 2012-08-30 12:09:54 +0800
Served asset /jquery.js - 304 Not Modified (0ms)


Started GET "/assets/jquery_ujs.js?body=1" for 127.0.0.1 at 2012-08-30 12:09:54 +0800
Served asset /jquery_ujs.js - 304 Not Modified (0ms)


Started GET "/assets/bootstrap-transition.js?body=1" for 127.0.0.1 at 2012-08-30 12:09:54 +0800
Served asset /bootstrap-transition.js - 304 Not Modified (0ms)


Started GET "/assets/bootstrap-button.js?body=1" for 127.0.0.1 at 2012-08-30 12:09:54 +0800
Served asset /bootstrap-button.js - 304 Not Modified (0ms)


Started GET "/assets/bootstrap-carousel.js?body=1" for 127.0.0.1 at 2012-08-30 12:09:54 +0800
Served asset /bootstrap-carousel.js - 304 Not Modified (0ms)


Started GET "/assets/bootstrap-dropdown.js?body=1" for 127.0.0.1 at 2012-08-30 12:09:54 +0800
Served asset /bootstrap-dropdown.js - 304 Not Modified (0ms)


Started GET "/assets/bootstrap-alert.js?body=1" for 127.0.0.1 at 2012-08-30 12:09:55 +0800
Served asset /bootstrap-alert.js - 304 Not Modified (0ms)


Started GET "/assets/bootstrap-collapse.js?body=1" for 127.0.0.1 at 2012-08-30 12:09:55 +0800
Served asset /bootstrap-collapse.js - 304 Not Modified (0ms)


Started GET "/assets/bootstrap-modal.js?body=1" for 127.0.0.1 at 2012-08-30 12:09:55 +0800
Served asset /bootstrap-modal.js - 304 Not Modified (0ms)


Started GET "/assets/bootstrap-tab.js?body=1" for 127.0.0.1 at 2012-08-30 12:09:55 +0800
Served asset /bootstrap-tab.js - 304 Not Modified (0ms)


Started GET "/assets/bootstrap-scrollspy.js?body=1" for 127.0.0.1 at 2012-08-30 12:09:55 +0800
Served asset /bootstrap-scrollspy.js - 304 Not Modified (0ms)


Started GET "/assets/bootstrap-popover.js?body=1" for 127.0.0.1 at 2012-08-30 12:09:55 +0800
Served asset /bootstrap-popover.js - 304 Not Modified (0ms)


Started GET "/assets/bootstrap-tooltip.js?body=1" for 127.0.0.1 at 2012-08-30 12:09:55 +0800
Served asset /bootstrap-tooltip.js - 304 Not Modified (0ms)


Started GET "/assets/bootstrap-typeahead.js?body=1" for 127.0.0.1 at 2012-08-30 12:09:55 +0800
Served asset /bootstrap-typeahead.js - 304 Not Modified (0ms)


Started GET "/assets/bootstrap.js?body=1" for 127.0.0.1 at 2012-08-30 12:09:55 +0800
Served asset /bootstrap.js - 304 Not Modified (0ms)


Started GET "/assets/application.js?body=1" for 127.0.0.1 at 2012-08-30 12:09:55 +0800
Served asset /application.js - 304 Not Modified (1ms)


Started GET "/assets/home.js?body=1" for 127.0.0.1 at 2012-08-30 12:09:55 +0800
Served asset /home.js - 304 Not Modified (0ms)


Started POST "/users" for 127.0.0.1 at 2012-08-30 12:10:10 +0800
Processing by Devise::RegistrationsController#create as HTML
  Parameters: {"utf8"=>"✓", "authenticity_token"=>"eNRMgN4GfbUC8bnem82JvpBENOhPgyO3mvRqMxoyi3k=", "user"=>{"name"=>"doug", "email"=>"douglasl@staff.iinet.net.au", "password"=>"[FILTERED]", "password_confirmation"=>"[FILTERED]"}, "commit"=>"Sign up"}
  [1m[35m (0.1ms)[0m  begin transaction
  [1m[36mUser Exists (0.2ms)[0m  [1mSELECT 1 AS one FROM "users" WHERE "users"."email" = 'douglasl@staff.iinet.net.au' LIMIT 1[0m
Binary data inserted for `string` type on column `encrypted_password`
  [1m[35mSQL (1.9ms)[0m  INSERT INTO "users" ("created_at", "current_sign_in_at", "current_sign_in_ip", "email", "encrypted_password", "last_sign_in_at", "last_sign_in_ip", "name", "remember_created_at", "reset_password_sent_at", "reset_password_token", "sign_in_count", "updated_at") VALUES (?, ?, ?, ?, ?, ?, ?, ?, ?, ?, ?, ?, ?)  [["created_at", Thu, 30 Aug 2012 04:10:11 UTC +00:00], ["current_sign_in_at", nil], ["current_sign_in_ip", nil], ["email", "douglasl@staff.iinet.net.au"], ["encrypted_password", "$2a$10$KCny.wh7UkN01A96EeRBFuXNJxwWTm.hTUcrcJNAQfKxc0sZFT8XW"], ["last_sign_in_at", nil], ["last_sign_in_ip", nil], ["name", "doug"], ["remember_created_at", nil], ["reset_password_sent_at", nil], ["reset_password_token", nil], ["sign_in_count", 0], ["updated_at", Thu, 30 Aug 2012 04:10:11 UTC +00:00]]
  [1m[36m (1.3ms)[0m  [1mcommit transaction[0m
  [1m[35m (0.1ms)[0m  begin transaction
  [1m[36m (0.4ms)[0m  [1mUPDATE "users" SET "last_sign_in_at" = '2012-08-30 04:10:11.130658', "current_sign_in_at" = '2012-08-30 04:10:11.130658', "last_sign_in_ip" = '127.0.0.1', "current_sign_in_ip" = '127.0.0.1', "sign_in_count" = 1, "updated_at" = '2012-08-30 04:10:11.131850' WHERE "users"."id" = 3[0m
  [1m[35m (1.1ms)[0m  commit transaction
Redirected to http://localhost:3000/users
Completed 302 Found in 225ms (ActiveRecord: 0.0ms)


Started GET "/users" for 127.0.0.1 at 2012-08-30 12:10:11 +0800
Processing by UsersController#index as HTML
  [1m[36mUser Load (0.3ms)[0m  [1mSELECT "users".* FROM "users" WHERE "users"."id" = 3 LIMIT 1[0m
  [1m[35mUser Load (0.2ms)[0m  SELECT "users".* FROM "users" 
  Rendered users/index.html.erb within layouts/application (17.0ms)
  Rendered layouts/_navigation.html.erb (1.0ms)
  Rendered layouts/_messages.html.erb (0.1ms)
Completed 200 OK in 53ms (Views: 41.9ms | ActiveRecord: 0.4ms)


Started GET "/assets/application.css?body=1" for 127.0.0.1 at 2012-08-30 12:10:11 +0800
Served asset /application.css - 304 Not Modified (4ms)


Started GET "/assets/bootstrap_and_overrides.css?body=1" for 127.0.0.1 at 2012-08-30 12:10:11 +0800
Served asset /bootstrap_and_overrides.css - 304 Not Modified (2ms)


Started GET "/assets/home.css?body=1" for 127.0.0.1 at 2012-08-30 12:10:11 +0800
Served asset /home.css - 304 Not Modified (0ms)


Started GET "/assets/jquery.js?body=1" for 127.0.0.1 at 2012-08-30 12:10:11 +0800
Served asset /jquery.js - 304 Not Modified (0ms)


Started GET "/assets/jquery_ujs.js?body=1" for 127.0.0.1 at 2012-08-30 12:10:11 +0800
Served asset /jquery_ujs.js - 304 Not Modified (0ms)


Started GET "/assets/bootstrap-transition.js?body=1" for 127.0.0.1 at 2012-08-30 12:10:11 +0800
Served asset /bootstrap-transition.js - 304 Not Modified (0ms)


Started GET "/assets/bootstrap-alert.js?body=1" for 127.0.0.1 at 2012-08-30 12:10:11 +0800
Served asset /bootstrap-alert.js - 304 Not Modified (0ms)


Started GET "/assets/bootstrap-button.js?body=1" for 127.0.0.1 at 2012-08-30 12:10:11 +0800
Served asset /bootstrap-button.js - 304 Not Modified (0ms)


Started GET "/assets/bootstrap-collapse.js?body=1" for 127.0.0.1 at 2012-08-30 12:10:11 +0800
Served asset /bootstrap-collapse.js - 304 Not Modified (0ms)


Started GET "/assets/bootstrap-carousel.js?body=1" for 127.0.0.1 at 2012-08-30 12:10:11 +0800
Served asset /bootstrap-carousel.js - 304 Not Modified (0ms)


Started GET "/assets/bootstrap-modal.js?body=1" for 127.0.0.1 at 2012-08-30 12:10:11 +0800
Served asset /bootstrap-modal.js - 304 Not Modified (0ms)


Started GET "/assets/bootstrap-dropdown.js?body=1" for 127.0.0.1 at 2012-08-30 12:10:11 +0800
Served asset /bootstrap-dropdown.js - 304 Not Modified (0ms)


Started GET "/assets/bootstrap-tab.js?body=1" for 127.0.0.1 at 2012-08-30 12:10:11 +0800
Served asset /bootstrap-tab.js - 304 Not Modified (0ms)


Started GET "/assets/bootstrap-scrollspy.js?body=1" for 127.0.0.1 at 2012-08-30 12:10:11 +0800
Served asset /bootstrap-scrollspy.js - 304 Not Modified (0ms)


Started GET "/assets/bootstrap-tooltip.js?body=1" for 127.0.0.1 at 2012-08-30 12:10:11 +0800
Served asset /bootstrap-tooltip.js - 304 Not Modified (0ms)


Started GET "/assets/bootstrap-popover.js?body=1" for 127.0.0.1 at 2012-08-30 12:10:11 +0800
Served asset /bootstrap-popover.js - 304 Not Modified (0ms)


Started GET "/assets/bootstrap-typeahead.js?body=1" for 127.0.0.1 at 2012-08-30 12:10:11 +0800
Served asset /bootstrap-typeahead.js - 304 Not Modified (0ms)


Started GET "/assets/bootstrap.js?body=1" for 127.0.0.1 at 2012-08-30 12:10:11 +0800
Served asset /bootstrap.js - 304 Not Modified (0ms)


Started GET "/assets/home.js?body=1" for 127.0.0.1 at 2012-08-30 12:10:11 +0800
Served asset /home.js - 304 Not Modified (0ms)


Started GET "/assets/application.js?body=1" for 127.0.0.1 at 2012-08-30 12:10:11 +0800
Served asset /application.js - 304 Not Modified (1ms)


Started GET "/new" for 127.0.0.1 at 2012-08-30 12:10:18 +0800
  [1m[36mUser Load (0.2ms)[0m  [1mSELECT "users".* FROM "users" WHERE "users"."id" = 3 LIMIT 1[0m
Processing by HomeController#create_project as HTML
  Rendered home/create_project.html.erb within layouts/application (1.7ms)
Completed 500 Internal Server Error in 5ms

ActionView::Template::Error (undefined method `each' for nil:NilClass):
    1: <h3>Home</h3>
    2: <% @users.each do |user| %>
    3:   <p>User: <%=link_to user.name, user %></p>
    4: <% end %>
  app/views/home/create_project.html.erb:2:in `_app_views_home_create_project_html_erb___4065734729731582746_2196396260'


  Rendered /Users/douglasl/.rvm/gems/ruby-1.9.3-p194@FollowThru/gems/actionpack-3.2.8/lib/action_dispatch/middleware/templates/rescues/_trace.erb (2.0ms)
  Rendered /Users/douglasl/.rvm/gems/ruby-1.9.3-p194@FollowThru/gems/actionpack-3.2.8/lib/action_dispatch/middleware/templates/rescues/_request_and_response.erb (1.4ms)
  Rendered /Users/douglasl/.rvm/gems/ruby-1.9.3-p194@FollowThru/gems/actionpack-3.2.8/lib/action_dispatch/middleware/templates/rescues/template_error.erb within rescues/layout (15.2ms)


Started GET "/new" for 127.0.0.1 at 2012-08-30 12:10:52 +0800
  [1m[35mUser Load (0.2ms)[0m  SELECT "users".* FROM "users" WHERE "users"."id" = 3 LIMIT 1
Processing by HomeController#create_project as HTML
  Rendered home/create_project.html.erb within layouts/application (0.5ms)
  Rendered layouts/_navigation.html.erb (1.1ms)
  Rendered layouts/_messages.html.erb (0.1ms)
Completed 200 OK in 25ms (Views: 24.4ms | ActiveRecord: 0.0ms)


Started GET "/assets/application.css?body=1" for 127.0.0.1 at 2012-08-30 12:10:52 +0800
Served asset /application.css - 304 Not Modified (2ms)


Started GET "/assets/bootstrap_and_overrides.css?body=1" for 127.0.0.1 at 2012-08-30 12:10:52 +0800
Served asset /bootstrap_and_overrides.css - 304 Not Modified (2ms)


Started GET "/assets/home.css?body=1" for 127.0.0.1 at 2012-08-30 12:10:52 +0800
Served asset /home.css - 304 Not Modified (0ms)


Started GET "/assets/jquery.js?body=1" for 127.0.0.1 at 2012-08-30 12:10:52 +0800
Served asset /jquery.js - 304 Not Modified (0ms)


Started GET "/assets/bootstrap-alert.js?body=1" for 127.0.0.1 at 2012-08-30 12:10:52 +0800
Served asset /bootstrap-alert.js - 304 Not Modified (0ms)


Started GET "/assets/jquery_ujs.js?body=1" for 127.0.0.1 at 2012-08-30 12:10:52 +0800
Served asset /jquery_ujs.js - 304 Not Modified (0ms)


Started GET "/assets/bootstrap-transition.js?body=1" for 127.0.0.1 at 2012-08-30 12:10:52 +0800
Served asset /bootstrap-transition.js - 304 Not Modified (0ms)


Started GET "/assets/bootstrap-button.js?body=1" for 127.0.0.1 at 2012-08-30 12:10:52 +0800
Served asset /bootstrap-button.js - 304 Not Modified (0ms)


Started GET "/assets/bootstrap-carousel.js?body=1" for 127.0.0.1 at 2012-08-30 12:10:52 +0800
Served asset /bootstrap-carousel.js - 304 Not Modified (0ms)


Started GET "/assets/bootstrap-collapse.js?body=1" for 127.0.0.1 at 2012-08-30 12:10:52 +0800
Served asset /bootstrap-collapse.js - 304 Not Modified (0ms)


Started GET "/assets/bootstrap-dropdown.js?body=1" for 127.0.0.1 at 2012-08-30 12:10:52 +0800
Served asset /bootstrap-dropdown.js - 304 Not Modified (0ms)


Started GET "/assets/bootstrap-scrollspy.js?body=1" for 127.0.0.1 at 2012-08-30 12:10:52 +0800
Served asset /bootstrap-scrollspy.js - 304 Not Modified (0ms)


Started GET "/assets/bootstrap-modal.js?body=1" for 127.0.0.1 at 2012-08-30 12:10:52 +0800
Served asset /bootstrap-modal.js - 304 Not Modified (0ms)


Started GET "/assets/bootstrap-tab.js?body=1" for 127.0.0.1 at 2012-08-30 12:10:52 +0800
Served asset /bootstrap-tab.js - 304 Not Modified (0ms)


Started GET "/assets/bootstrap-tooltip.js?body=1" for 127.0.0.1 at 2012-08-30 12:10:52 +0800
Served asset /bootstrap-tooltip.js - 304 Not Modified (0ms)


Started GET "/assets/bootstrap-popover.js?body=1" for 127.0.0.1 at 2012-08-30 12:10:52 +0800
Served asset /bootstrap-popover.js - 304 Not Modified (0ms)


Started GET "/assets/bootstrap.js?body=1" for 127.0.0.1 at 2012-08-30 12:10:52 +0800
Served asset /bootstrap.js - 304 Not Modified (0ms)


Started GET "/assets/bootstrap-typeahead.js?body=1" for 127.0.0.1 at 2012-08-30 12:10:52 +0800
Served asset /bootstrap-typeahead.js - 304 Not Modified (0ms)


Started GET "/assets/home.js?body=1" for 127.0.0.1 at 2012-08-30 12:10:52 +0800
Served asset /home.js - 304 Not Modified (0ms)


Started GET "/assets/application.js?body=1" for 127.0.0.1 at 2012-08-30 12:10:52 +0800
Served asset /application.js - 304 Not Modified (1ms)


Started GET "/about" for 127.0.0.1 at 2012-08-30 12:10:54 +0800
  [1m[36mUser Load (0.2ms)[0m  [1mSELECT "users".* FROM "users" WHERE "users"."id" = 3 LIMIT 1[0m
Processing by HomeController#about as HTML
  Rendered home/about.html.erb within layouts/application (0.4ms)
  Rendered layouts/_navigation.html.erb (1.2ms)
  Rendered layouts/_messages.html.erb (0.1ms)
Completed 200 OK in 25ms (Views: 24.4ms | ActiveRecord: 0.0ms)


Started GET "/assets/bootstrap_and_overrides.css?body=1" for 127.0.0.1 at 2012-08-30 12:10:54 +0800
Served asset /bootstrap_and_overrides.css - 304 Not Modified (4ms)


Started GET "/assets/home.css?body=1" for 127.0.0.1 at 2012-08-30 12:10:54 +0800
Served asset /home.css - 304 Not Modified (0ms)


Started GET "/assets/application.css?body=1" for 127.0.0.1 at 2012-08-30 12:10:54 +0800
Served asset /application.css - 304 Not Modified (5ms)


Started GET "/assets/jquery_ujs.js?body=1" for 127.0.0.1 at 2012-08-30 12:10:54 +0800
Served asset /jquery_ujs.js - 304 Not Modified (0ms)


Started GET "/assets/bootstrap-transition.js?body=1" for 127.0.0.1 at 2012-08-30 12:10:54 +0800
Served asset /bootstrap-transition.js - 304 Not Modified (0ms)


Started GET "/assets/jquery.js?body=1" for 127.0.0.1 at 2012-08-30 12:10:54 +0800
Served asset /jquery.js - 304 Not Modified (0ms)


Started GET "/assets/bootstrap-alert.js?body=1" for 127.0.0.1 at 2012-08-30 12:10:54 +0800
Served asset /bootstrap-alert.js - 304 Not Modified (0ms)


Started GET "/assets/bootstrap-button.js?body=1" for 127.0.0.1 at 2012-08-30 12:10:54 +0800
Served asset /bootstrap-button.js - 304 Not Modified (0ms)


Started GET "/assets/bootstrap-carousel.js?body=1" for 127.0.0.1 at 2012-08-30 12:10:54 +0800
Served asset /bootstrap-carousel.js - 304 Not Modified (0ms)


Started GET "/assets/bootstrap-collapse.js?body=1" for 127.0.0.1 at 2012-08-30 12:10:54 +0800
Served asset /bootstrap-collapse.js - 304 Not Modified (0ms)


Started GET "/assets/bootstrap-dropdown.js?body=1" for 127.0.0.1 at 2012-08-30 12:10:54 +0800
Served asset /bootstrap-dropdown.js - 304 Not Modified (0ms)


Started GET "/assets/bootstrap-scrollspy.js?body=1" for 127.0.0.1 at 2012-08-30 12:10:54 +0800
Served asset /bootstrap-scrollspy.js - 304 Not Modified (0ms)


Started GET "/assets/bootstrap-modal.js?body=1" for 127.0.0.1 at 2012-08-30 12:10:54 +0800
Served asset /bootstrap-modal.js - 304 Not Modified (0ms)


Started GET "/assets/bootstrap-tab.js?body=1" for 127.0.0.1 at 2012-08-30 12:10:54 +0800
Served asset /bootstrap-tab.js - 304 Not Modified (0ms)


Started GET "/assets/bootstrap-tooltip.js?body=1" for 127.0.0.1 at 2012-08-30 12:10:54 +0800
Served asset /bootstrap-tooltip.js - 304 Not Modified (0ms)


Started GET "/assets/bootstrap-popover.js?body=1" for 127.0.0.1 at 2012-08-30 12:10:54 +0800
Served asset /bootstrap-popover.js - 304 Not Modified (0ms)


Started GET "/assets/bootstrap-typeahead.js?body=1" for 127.0.0.1 at 2012-08-30 12:10:54 +0800
Served asset /bootstrap-typeahead.js - 304 Not Modified (0ms)


Started GET "/assets/bootstrap.js?body=1" for 127.0.0.1 at 2012-08-30 12:10:54 +0800
Served asset /bootstrap.js - 304 Not Modified (0ms)


Started GET "/assets/home.js?body=1" for 127.0.0.1 at 2012-08-30 12:10:54 +0800
Served asset /home.js - 304 Not Modified (0ms)


Started GET "/assets/application.js?body=1" for 127.0.0.1 at 2012-08-30 12:10:54 +0800
Served asset /application.js - 304 Not Modified (1ms)
Connecting to database specified by database.yml
